[Info  - 22:43:31] Initialising intelephense 1.3.1
[Info  - 22:43:31] Reading state from /home/pawel/dev/PHP/Laravel/Modules/arguments/User/workspaceStorage/fabdf0a8acce1d8ff1c01394af79439d/bmewburn.vscode-intelephense-client/4712246b.
[Info  - 22:43:32] Initialised in 1480 ms
[Info  - 22:43:34] Indexing started.
[Warn  - 22:43:34] file:///home/pawel/dev/PHP/Laravel/Modules/vendor/fzaninotto/faker/src/Faker/Provider/nl_BE/Text.php is over the maximum file size of 1000000 bytes.
[Info  - 22:43:34] Indexing ended. 2 files indexed in 0s.
[Info  - 22:43:34] Writing state to /home/pawel/dev/PHP/Laravel/Modules/arguments/User/workspaceStorage/fabdf0a8acce1d8ff1c01394af79439d/bmewburn.vscode-intelephense-client/4712246b.
[Info  - 22:43:35] Wrote state in 1.2s.
[Info  - 22:43:56] Indexing started.
[Info  - 22:43:56] Indexing ended. 1 files indexed in 0s.
[Info  - 22:50:35] Indexing started.
[Info  - 22:50:36] Indexing ended. 1 files indexed in 0s.
[Info  - 22:50:43] Indexing started.
[Info  - 22:50:43] Indexing ended. 1 files indexed in 0s.
[Info  - 22:51:02] Indexing started.
[Info  - 22:51:02] Indexing ended. 1 files indexed in 0s.
[Info  - 22:51:05] Indexing started.
[Info  - 22:51:05] Indexing ended. 1 files indexed in 0s.
[Info  - 22:56:20] Indexing started.
[Info  - 22:56:20] Indexing ended. 1 files indexed in 0s.
[Info  - 22:56:40] Indexing started.
[Info  - 22:56:40] Indexing ended. 1 files indexed in 0s.
[Info  - 22:59:40] Indexing started.
[Info  - 22:59:40] Indexing ended. 1 files indexed in 0s.
[Info  - 23:06:11] Indexing started.
[Info  - 23:06:11] Indexing ended. 2 files indexed in 0s.
[Info  - 23:20:20] Indexing started.
[Info  - 23:20:20] Indexing ended. 1 files indexed in 0s.
[Info  - 23:20:44] Indexing started.
[Info  - 23:20:44] Indexing ended. 1 files indexed in 0s.
[Info  - 23:25:05] Indexing started.
[Info  - 23:25:05] Indexing ended. 1 files indexed in 0s.
[Info  - 23:25:28] Indexing started.
[Info  - 23:25:28] Indexing ended. 1 files indexed in 0s.
[Info  - 23:25:50] Indexing started.
[Info  - 23:25:50] Indexing ended. 1 files indexed in 0s.
[Info  - 23:27:22] Indexing started.
[Info  - 23:27:23] Indexing ended. 1 files indexed in 0s.
[Info  - 23:27:27] Indexing started.
[Info  - 23:27:27] Indexing ended. 1 files indexed in 0s.
[Info  - 23:29:38] Indexing started.
[Info  - 23:29:38] Indexing ended. 1 files indexed in 0s.
[Info  - 23:30:56] Indexing started.
[Info  - 23:30:56] Indexing ended. 1 files indexed in 0s.
[Info  - 23:31:03] Indexing started.
[Info  - 23:31:03] Indexing ended. 1 files indexed in 0s.
[Info  - 23:31:34] Indexing started.
[Info  - 23:31:34] Indexing ended. 1 files indexed in 0s.
[Info  - 23:31:37] Indexing started.
[Info  - 23:31:37] Indexing ended. 1 files indexed in 0s.
[Info  - 23:35:19] Indexing started.
[Info  - 23:35:19] Indexing ended. 1 files indexed in 0s.
[Info  - 23:35:29] Indexing started.
[Info  - 23:35:29] Indexing ended. 1 files indexed in 0s.
[Info  - 23:41:03] Indexing started.
[Info  - 23:41:03] Indexing ended. 1 files indexed in 0s.
[Info  - 23:41:08] Indexing started.
[Info  - 23:41:08] Indexing ended. 1 files indexed in 0s.
[Info  - 23:41:36] Indexing started.
[Info  - 23:41:36] Indexing ended. 1 files indexed in 0s.
[Info  - 23:44:05] Indexing started.
[Info  - 23:44:06] Indexing ended. 1 files indexed in 0s.
[Info  - 23:44:08] Indexing started.
[Info  - 23:44:08] Indexing ended. 1 files indexed in 0s.
[Info  - 23:46:12] Indexing started.
[Info  - 23:46:12] Indexing ended. 1 files indexed in 0s.
[Info  - 23:46:14] Indexing started.
[Info  - 23:46:14] Indexing ended. 1 files indexed in 0s.
[Info  - 23:56:48] Indexing started.
[Info  - 23:56:48] Indexing ended. 1 files indexed in 0s.
[Info  - 23:56:51] Indexing started.
[Info  - 23:56:51] Indexing ended. 1 files indexed in 0s.
[Info  - 23:56:56] Indexing started.
[Info  - 23:56:56] Indexing ended. 2 files indexed in 0s.
[Info  - 23:57:39] Indexing started.
[Info  - 23:57:39] Indexing ended. 1 files indexed in 0s.
[Info  - 23:57:42] Indexing started.
[Info  - 23:57:42] Indexing ended. 1 files indexed in 0s.
[Info  - 09:00:47] Indexing started.
[Info  - 09:00:48] Indexing ended. 1 files indexed in 0s.
[Info  - 09:02:13] Indexing started.
[Info  - 09:02:13] Indexing ended. 1 files indexed in 0s.
[Info  - 09:05:08] Indexing started.
[Info  - 09:05:08] Indexing ended. 1 files indexed in 0s.
[Info  - 09:05:12] Indexing started.
[Info  - 09:05:12] Indexing ended. 1 files indexed in 0s.
[Info  - 09:07:44] Indexing started.
[Info  - 09:07:44] Indexing ended. 1 files indexed in 0s.
[Info  - 09:07:46] Indexing started.
[Info  - 09:07:46] Indexing ended. 1 files indexed in 0s.
[Info  - 09:26:17] Indexing started.
[Info  - 09:26:17] Indexing ended. 1 files indexed in 0s.
[Info  - 09:27:14] Indexing started.
[Info  - 09:27:14] Indexing ended. 1 files indexed in 0s.
[Info  - 09:27:26] Indexing started.
[Info  - 09:27:26] Indexing ended. 1 files indexed in 0s.
[Info  - 09:27:28] Indexing started.
[Info  - 09:27:29] Indexing ended. 1 files indexed in 0s.
[Info  - 09:29:20] Indexing started.
[Info  - 09:29:20] Indexing ended. 1 files indexed in 0s.
[Info  - 09:29:24] Indexing started.
[Info  - 09:29:24] Indexing ended. 1 files indexed in 0s.
[Info  - 09:30:22] Indexing started.
[Info  - 09:30:22] Indexing ended. 1 files indexed in 0s.
[Info  - 09:32:01] Indexing started.
[Info  - 09:32:01] Indexing ended. 1 files indexed in 0s.
[Info  - 09:32:06] Indexing started.
[Info  - 09:32:07] Indexing ended. 1 files indexed in 0s.
[Info  - 09:32:12] Indexing started.
[Info  - 09:32:12] Indexing ended. 1 files indexed in 0s.
[Info  - 09:32:22] Indexing started.
[Info  - 09:32:22] Indexing ended. 1 files indexed in 0s.
[Info  - 09:37:37] Indexing started.
[Info  - 09:37:37] Indexing ended. 1 files indexed in 0s.
[Info  - 09:51:51] Indexing started.
[Info  - 09:51:51] Indexing ended. 1 files indexed in 0s.
[Info  - 09:51:55] Indexing started.
[Info  - 09:51:55] Indexing ended. 1 files indexed in 0s.
[Info  - 09:58:18] Indexing started.
[Info  - 09:58:18] Indexing ended. 1 files indexed in 0s.
[Info  - 10:00:32] Indexing started.
[Info  - 10:00:32] Indexing ended. 1 files indexed in 0s.
[Info  - 10:02:43] Indexing started.
[Info  - 10:02:43] Indexing ended. 1 files indexed in 0s.
[Info  - 10:03:42] Indexing started.
[Info  - 10:03:42] Indexing ended. 1 files indexed in 0s.
