[Info  - 14:15:16] Initialising intelephense 1.3.1
[Info  - 14:15:17] Reading state from /home/pawel/dev/PHP/Laravel/Modules/arguments/User/workspaceStorage/fabdf0a8acce1d8ff1c01394af79439d/bmewburn.vscode-intelephense-client/4712246b.
[Info  - 14:15:18] Initialised in 1596 ms
[Info  - 14:15:19] Indexing started.
[Warn  - 14:15:19] file:///home/pawel/dev/PHP/Laravel/Modules/vendor/fzaninotto/faker/src/Faker/Provider/nl_BE/Text.php is over the maximum file size of 1000000 bytes.
[Info  - 14:15:19] Indexing ended. 13 files indexed in 0s.
[Info  - 14:15:19] Writing state to /home/pawel/dev/PHP/Laravel/Modules/arguments/User/workspaceStorage/fabdf0a8acce1d8ff1c01394af79439d/bmewburn.vscode-intelephense-client/4712246b.
[Info  - 14:15:20] Wrote state in 0.8s.
[Info  - 14:28:33] Indexing started.
[Info  - 14:28:33] Indexing ended. 1 files indexed in 0s.
[Info  - 14:28:36] Indexing started.
[Info  - 14:28:37] Indexing ended. 1 files indexed in 0s.
[Info  - 14:30:56] Indexing started.
[Info  - 14:30:57] Indexing ended. 1 files indexed in 0s.
[Info  - 14:31:02] Indexing started.
[Info  - 14:31:02] Indexing ended. 1 files indexed in 0s.
[Info  - 14:33:58] Indexing started.
[Info  - 14:33:58] Indexing ended. 1 files indexed in 0s.
[Info  - 14:34:00] Indexing started.
[Info  - 14:34:00] Indexing ended. 1 files indexed in 0s.
[Info  - 14:40:25] Indexing started.
[Info  - 14:40:25] Indexing ended. 1 files indexed in 0s.
[Info  - 14:40:39] Indexing started.
[Info  - 14:40:39] Indexing ended. 2 files indexed in 0s.
[Info  - 14:46:03] Indexing started.
[Info  - 14:46:04] Indexing ended. 1 files indexed in 0s.
[Info  - 14:46:45] Indexing started.
[Info  - 14:46:46] Indexing ended. 1 files indexed in 0s.
[Info  - 14:46:50] Indexing started.
[Info  - 14:46:50] Indexing ended. 1 files indexed in 0s.
[Info  - 14:46:53] Indexing started.
[Info  - 14:46:53] Indexing ended. 2 files indexed in 0s.
[Info  - 14:47:45] Indexing started.
[Info  - 14:47:45] Indexing ended. 1 files indexed in 0s.
[Info  - 14:47:47] Indexing started.
[Info  - 14:47:48] Indexing ended. 1 files indexed in 0s.
[Info  - 14:48:02] Indexing started.
[Info  - 14:48:02] Indexing ended. 1 files indexed in 0s.
[Info  - 14:48:03] Indexing started.
[Info  - 14:48:03] Indexing ended. 1 files indexed in 0s.
[Info  - 14:49:51] Indexing started.
[Info  - 14:49:51] Indexing ended. 1 files indexed in 0s.
[Info  - 14:49:59] Indexing started.
[Info  - 14:49:59] Indexing ended. 1 files indexed in 0s.
[Info  - 14:52:44] Indexing started.
[Info  - 14:52:44] Indexing ended. 1 files indexed in 0s.
[Info  - 14:52:50] Indexing started.
[Info  - 14:52:50] Indexing ended. 1 files indexed in 0s.
[Info  - 14:58:02] Indexing started.
[Info  - 14:58:02] Indexing ended. 1 files indexed in 0s.
[Info  - 14:58:04] Indexing started.
[Info  - 14:58:04] Indexing ended. 1 files indexed in 0s.
[Info  - 14:58:49] Indexing started.
[Info  - 14:58:50] Indexing ended. 1 files indexed in 0s.
[Info  - 14:58:58] Indexing started.
[Info  - 14:58:58] Indexing ended. 1 files indexed in 0s.
[Info  - 15:01:24] Indexing started.
[Info  - 15:01:24] Indexing ended. 1 files indexed in 0s.
[Info  - 15:01:29] Indexing started.
[Info  - 15:01:29] Indexing ended. 1 files indexed in 0s.
[Info  - 15:01:47] Indexing started.
[Info  - 15:01:47] Indexing ended. 1 files indexed in 0s.
[Info  - 15:01:49] Indexing started.
[Info  - 15:01:49] Indexing ended. 1 files indexed in 0s.
[Info  - 15:01:55] Indexing started.
[Info  - 15:01:55] Indexing ended. 1 files indexed in 0s.
[Info  - 15:01:57] Indexing started.
[Info  - 15:01:57] Indexing ended. 1 files indexed in 0s.
[Info  - 15:08:27] Indexing started.
[Info  - 15:08:27] Indexing ended. 1 files indexed in 0s.
[Info  - 15:08:50] Indexing started.
[Info  - 15:08:50] Indexing ended. 1 files indexed in 0s.
[Info  - 15:08:55] Indexing started.
[Info  - 15:08:56] Indexing ended. 1 files indexed in 0s.
[Info  - 15:10:16] Indexing started.
[Info  - 15:10:16] Indexing ended. 1 files indexed in 0s.
[Info  - 15:10:18] Indexing started.
[Info  - 15:10:18] Indexing ended. 1 files indexed in 0s.
[Info  - 15:26:51] Indexing started.
[Info  - 15:26:51] Indexing ended. 1 files indexed in 0s.
[Info  - 15:26:54] Indexing started.
[Info  - 15:26:54] Indexing ended. 1 files indexed in 0s.
[Info  - 15:27:08] Indexing started.
[Info  - 15:27:08] Indexing ended. 1 files indexed in 0s.
[Info  - 15:27:10] Indexing started.
[Info  - 15:27:11] Indexing ended. 1 files indexed in 0s.
[Info  - 15:27:24] Indexing started.
[Info  - 15:27:24] Indexing ended. 1 files indexed in 0s.
[Info  - 15:27:26] Indexing started.
[Info  - 15:27:26] Indexing ended. 1 files indexed in 0s.
[Info  - 15:28:47] Indexing started.
[Info  - 15:28:48] Indexing ended. 1 files indexed in 0s.
[Info  - 15:29:07] Indexing started.
[Info  - 15:29:07] Indexing ended. 1 files indexed in 0s.
[Info  - 15:29:09] Indexing started.
[Info  - 15:29:09] Indexing ended. 2 files indexed in 0s.
[Info  - 15:29:23] Indexing started.
[Info  - 15:29:23] Indexing ended. 1 files indexed in 0s.
[Info  - 15:29:25] Indexing started.
[Info  - 15:29:25] Indexing ended. 1 files indexed in 0s.
[Info  - 16:51:01] Indexing started.
[Info  - 16:51:02] Indexing ended. 1 files indexed in 0s.
[Info  - 16:51:06] Indexing started.
[Info  - 16:51:06] Indexing ended. 1 files indexed in 0s.
[Info  - 16:52:28] Indexing started.
[Info  - 16:52:28] Indexing ended. 1 files indexed in 0s.
[Info  - 16:52:30] Indexing started.
[Info  - 16:52:30] Indexing ended. 1 files indexed in 0s.
[Info  - 16:53:39] Indexing started.
[Info  - 16:53:39] Indexing ended. 1 files indexed in 0s.
[Info  - 16:54:07] Indexing started.
[Info  - 16:54:08] Indexing ended. 1 files indexed in 0s.
[Info  - 16:54:25] Indexing started.
[Info  - 16:54:25] Indexing ended. 1 files indexed in 0s.
[Info  - 16:55:11] Indexing started.
[Info  - 16:55:11] Indexing ended. 1 files indexed in 0s.
[Info  - 16:55:46] Indexing started.
[Info  - 16:55:46] Indexing ended. 1 files indexed in 0s.
[Info  - 17:00:48] Indexing started.
[Info  - 17:00:48] Indexing ended. 1 files indexed in 0s.
[Info  - 17:35:15] Indexing started.
[Info  - 17:35:15] Indexing ended. 1 files indexed in 0s.
[Info  - 17:37:56] Indexing started.
[Info  - 17:37:56] Indexing ended. 1 files indexed in 0s.
[Info  - 17:44:26] Indexing started.
[Info  - 17:44:27] Indexing ended. 1 files indexed in 0s.
[Info  - 17:44:52] Indexing started.
[Info  - 17:44:53] Indexing ended. 1 files indexed in 0s.
[Info  - 17:44:55] Indexing started.
[Info  - 17:44:55] Indexing ended. 1 files indexed in 0s.
[Info  - 17:45:34] Indexing started.
[Info  - 17:45:34] Indexing ended. 1 files indexed in 0s.
[Info  - 17:45:37] Indexing started.
[Info  - 17:45:37] Indexing ended. 1 files indexed in 0s.
[Info  - 17:46:13] Indexing started.
[Info  - 17:46:13] Indexing ended. 1 files indexed in 0s.
[Info  - 17:46:17] Indexing started.
[Info  - 17:46:17] Indexing ended. 1 files indexed in 0s.
[Info  - 18:02:47] Indexing started.
[Info  - 18:02:47] Indexing ended. 1 files indexed in 0s.
[Info  - 18:02:50] Indexing started.
[Info  - 18:02:50] Indexing ended. 1 files indexed in 0s.
[Info  - 18:04:04] Indexing started.
[Info  - 18:04:04] Indexing ended. 1 files indexed in 0s.
[Info  - 18:05:09] Indexing started.
[Info  - 18:05:09] Indexing ended. 1 files indexed in 0s.
[Info  - 18:05:14] Indexing started.
[Info  - 18:05:15] Indexing ended. 1 files indexed in 0s.
[Info  - 18:07:06] Indexing started.
[Info  - 18:07:06] Indexing ended. 1 files indexed in 0s.
[Info  - 18:07:37] Indexing started.
[Info  - 18:07:37] Indexing ended. 1 files indexed in 0s.
[Info  - 18:08:51] Indexing started.
[Info  - 18:08:51] Indexing ended. 1 files indexed in 0s.
[Info  - 18:09:03] Indexing started.
[Info  - 18:09:03] Indexing ended. 1 files indexed in 0s.
[Info  - 18:17:50] Indexing started.
[Info  - 18:17:50] Indexing ended. 1 files indexed in 0s.
[Info  - 18:23:34] Indexing started.
[Info  - 18:23:34] Indexing ended. 1 files indexed in 0s.
[Info  - 18:23:41] Indexing started.
[Info  - 18:23:41] Indexing ended. 1 files indexed in 0s.
[Info  - 18:23:57] Indexing started.
[Info  - 18:23:57] Indexing ended. 1 files indexed in 0s.
[Info  - 18:24:05] Indexing started.
[Info  - 18:24:05] Indexing ended. 2 files indexed in 0s.
[Info  - 18:30:36] Indexing started.
[Info  - 18:30:36] Indexing ended. 1 files indexed in 0s.
[Info  - 18:30:45] Indexing started.
[Info  - 18:30:45] Indexing ended. 1 files indexed in 0s.
[Info  - 18:37:49] Indexing started.
[Info  - 18:37:49] Indexing ended. 1 files indexed in 0s.
[Info  - 18:37:58] Indexing started.
[Info  - 18:37:59] Indexing ended. 1 files indexed in 0s.
[Info  - 18:47:44] Indexing started.
[Info  - 18:47:44] Indexing ended. 1 files indexed in 0s.
[Info  - 18:49:22] Indexing started.
[Info  - 18:49:22] Indexing ended. 1 files indexed in 0s.
[Info  - 18:54:33] Indexing started.
[Info  - 18:54:33] Indexing ended. 1 files indexed in 0s.
[Info  - 18:54:39] Indexing started.
[Info  - 18:54:39] Indexing ended. 1 files indexed in 0s.
[Info  - 18:56:40] Indexing started.
[Info  - 18:56:40] Indexing ended. 1 files indexed in 0s.
[Info  - 18:57:14] Indexing started.
[Info  - 18:57:14] Indexing ended. 1 files indexed in 0s.
[Info  - 20:43:21] Indexing started.
[Info  - 20:43:21] Indexing ended. 1 files indexed in 0s.
[Info  - 20:48:00] Indexing started.
[Info  - 20:48:00] Indexing ended. 1 files indexed in 0s.
[Info  - 20:50:21] Indexing started.
[Info  - 20:50:21] Indexing ended. 1 files indexed in 0s.
[Info  - 20:51:23] Indexing started.
[Info  - 20:51:23] Indexing ended. 1 files indexed in 0s.
[Info  - 20:54:35] Indexing started.
[Info  - 20:54:36] Indexing ended. 1 files indexed in 0s.
[Info  - 20:54:42] Indexing started.
[Info  - 20:54:42] Indexing ended. 1 files indexed in 0s.
[Info  - 20:55:18] Indexing started.
[Info  - 20:55:18] Indexing ended. 1 files indexed in 0s.
[Info  - 20:55:21] Indexing started.
[Info  - 20:55:21] Indexing ended. 1 files indexed in 0s.
[Info  - 20:55:31] Indexing started.
[Info  - 20:55:32] Indexing ended. 1 files indexed in 0s.
[Info  - 20:55:33] Indexing started.
[Info  - 20:55:34] Indexing ended. 1 files indexed in 0s.
[Info  - 20:55:43] Indexing started.
[Info  - 20:55:43] Indexing ended. 1 files indexed in 0s.
[Info  - 20:55:45] Indexing started.
[Info  - 20:55:45] Indexing ended. 1 files indexed in 0s.
[Info  - 20:55:55] Indexing started.
[Info  - 20:55:55] Indexing ended. 1 files indexed in 0s.
[Info  - 20:55:58] Indexing started.
[Info  - 20:55:58] Indexing ended. 1 files indexed in 0s.
[Info  - 20:56:28] Indexing started.
[Info  - 20:56:28] Indexing ended. 1 files indexed in 0s.
[Info  - 20:56:30] Indexing started.
[Info  - 20:56:30] Indexing ended. 1 files indexed in 0s.
[Info  - 20:58:00] Indexing started.
[Info  - 20:58:01] Indexing ended. 1 files indexed in 0s.
[Info  - 20:58:31] Indexing started.
[Info  - 20:58:31] Indexing ended. 1 files indexed in 0s.
[Info  - 20:58:36] Indexing started.
[Info  - 20:58:36] Indexing ended. 1 files indexed in 0s.
[Info  - 20:59:03] Indexing started.
[Info  - 20:59:03] Indexing ended. 1 files indexed in 0s.
[Info  - 21:00:22] Indexing started.
[Info  - 21:00:22] Indexing ended. 1 files indexed in 0s.
[Info  - 21:01:45] Indexing started.
[Info  - 21:01:45] Indexing ended. 1 files indexed in 0s.
[Info  - 21:01:47] Indexing started.
[Info  - 21:01:47] Indexing ended. 1 files indexed in 0s.
[Info  - 21:02:06] Indexing started.
[Info  - 21:02:06] Indexing ended. 1 files indexed in 0s.
[Info  - 21:02:08] Indexing started.
[Info  - 21:02:09] Indexing ended. 1 files indexed in 0s.
[Info  - 21:11:50] Indexing started.
[Info  - 21:11:50] Indexing ended. 1 files indexed in 0s.
[Info  - 21:13:41] Indexing started.
[Info  - 21:13:41] Indexing ended. 1 files indexed in 0s.
[Info  - 21:14:26] Indexing started.
[Info  - 21:14:26] Indexing ended. 1 files indexed in 0s.
[Info  - 21:14:29] Indexing started.
[Info  - 21:14:29] Indexing ended. 1 files indexed in 0s.
[Info  - 21:16:03] Indexing started.
[Info  - 21:16:03] Indexing ended. 1 files indexed in 0s.
[Info  - 21:16:06] Indexing started.
[Info  - 21:16:06] Indexing ended. 1 files indexed in 0s.
[Info  - 21:16:24] Indexing started.
[Info  - 21:16:24] Indexing ended. 1 files indexed in 0s.
[Info  - 21:16:59] Indexing started.
[Info  - 21:16:59] Indexing ended. 1 files indexed in 0s.
[Info  - 21:19:49] Indexing started.
[Info  - 21:19:49] Indexing ended. 1 files indexed in 0s.
[Info  - 21:20:28] Indexing started.
[Info  - 21:20:28] Indexing ended. 1 files indexed in 0s.
[Info  - 21:20:50] Indexing started.
[Info  - 21:20:50] Indexing ended. 1 files indexed in 0s.
[Info  - 21:21:20] Indexing started.
[Info  - 21:21:21] Indexing ended. 1 files indexed in 0s.
[Info  - 21:21:24] Indexing started.
[Info  - 21:21:24] Indexing ended. 1 files indexed in 0s.
[Info  - 21:27:43] Indexing started.
[Info  - 21:27:43] Indexing ended. 1 files indexed in 0s.
[Info  - 21:27:45] Indexing started.
[Info  - 21:27:45] Indexing ended. 1 files indexed in 0s.
[Info  - 21:31:00] Indexing started.
[Info  - 21:31:01] Indexing ended. 1 files indexed in 0s.
[Info  - 21:31:14] Indexing started.
[Info  - 21:31:15] Indexing ended. 1 files indexed in 0s.
[Info  - 21:31:17] Indexing started.
[Info  - 21:31:17] Indexing ended. 1 files indexed in 0s.
[Info  - 21:33:02] Indexing started.
[Info  - 21:33:03] Indexing ended. 1 files indexed in 0s.
[Info  - 21:33:06] Indexing started.
[Info  - 21:33:06] Indexing ended. 1 files indexed in 0s.
[Info  - 21:39:19] Indexing started.
[Info  - 21:39:19] Indexing ended. 1 files indexed in 0s.
[Info  - 21:39:24] Indexing started.
[Info  - 21:39:25] Indexing ended. 1 files indexed in 0s.
[Info  - 21:39:42] Indexing started.
[Info  - 21:39:43] Indexing ended. 1 files indexed in 0s.
[Info  - 21:39:45] Indexing started.
[Info  - 21:39:45] Indexing ended. 1 files indexed in 0s.
[Info  - 21:41:47] Indexing started.
[Info  - 21:41:48] Indexing ended. 1 files indexed in 0s.
[Info  - 21:41:50] Indexing started.
[Info  - 21:41:50] Indexing ended. 1 files indexed in 0s.
[Info  - 21:41:57] Indexing started.
[Info  - 21:41:57] Indexing ended. 1 files indexed in 0s.
[Info  - 21:43:15] Indexing started.
[Info  - 21:43:15] Indexing ended. 1 files indexed in 0s.
[Info  - 21:43:17] Indexing started.
[Info  - 21:43:17] Indexing ended. 1 files indexed in 0s.
[Info  - 21:46:05] Indexing started.
[Info  - 21:46:05] Indexing ended. 1 files indexed in 0s.
[Info  - 21:46:57] Indexing started.
[Info  - 21:46:57] Indexing ended. 1 files indexed in 0s.
[Info  - 21:47:01] Indexing started.
[Info  - 21:47:01] Indexing ended. 1 files indexed in 0s.
[Info  - 21:47:54] Indexing started.
[Info  - 21:47:54] Indexing ended. 1 files indexed in 0s.
[Info  - 21:48:39] Indexing started.
[Info  - 21:48:40] Indexing ended. 1 files indexed in 0s.
[Info  - 21:48:42] Indexing started.
[Info  - 21:48:42] Indexing ended. 1 files indexed in 0s.
[Info  - 21:48:52] Indexing started.
[Info  - 21:48:52] Indexing ended. 1 files indexed in 0s.
[Info  - 21:55:26] Indexing started.
[Info  - 21:55:27] Indexing ended. 1 files indexed in 0s.
[Info  - 21:55:30] Indexing started.
[Info  - 21:55:30] Indexing ended. 1 files indexed in 0s.
[Info  - 21:55:59] Indexing started.
[Info  - 21:55:59] Indexing ended. 1 files indexed in 0s.
[Info  - 21:56:08] Indexing started.
[Info  - 21:56:08] Indexing ended. 1 files indexed in 0s.
[Info  - 21:56:11] Indexing started.
[Info  - 21:56:11] Indexing ended. 1 files indexed in 0s.
[Info  - 22:02:35] Indexing started.
[Info  - 22:02:35] Indexing ended. 1 files indexed in 0s.
[Info  - 22:02:39] Indexing started.
[Info  - 22:02:39] Indexing ended. 1 files indexed in 0s.
[Info  - 22:11:23] Indexing started.
[Info  - 22:11:23] Indexing ended. 1 files indexed in 0s.
[Info  - 22:11:25] Indexing started.
[Info  - 22:11:25] Indexing ended. 11 files indexed in 0s.
[Info  - 22:12:28] Indexing started.
[Info  - 22:12:29] Indexing ended. 1 files indexed in 0s.
[Info  - 22:12:38] Indexing started.
[Info  - 22:12:38] Indexing ended. 1 files indexed in 0s.
[Info  - 22:12:39] Indexing started.
[Info  - 22:12:40] Indexing ended. 11 files indexed in 0s.
