[2019-12-04 14:20:17.046] [exthost] [info] extension host started
[2019-12-04 14:20:17.103] [exthost] [info] ExtensionService#_doActivateExtension vscode.debug-auto-launch {"startup":true,"extensionId":{"value":"vscode.debug-auto-launch","_lower":"vscode.debug-auto-launch"},"activationEvent":"*"}
[2019-12-04 14:20:17.104] [exthost] [info] ExtensionService#loadCommonJSModule file:///usr/share/code/resources/app/extensions/debug-auto-launch/dist/extension
[2019-12-04 14:20:17.110] [exthost] [info] ExtensionService#_doActivateExtension vscode.emmet {"startup":true,"extensionId":{"value":"vscode.emmet","_lower":"vscode.emmet"},"activationEvent":"*"}
[2019-12-04 14:20:17.111] [exthost] [info] ExtensionService#loadCommonJSModule file:///usr/share/code/resources/app/extensions/emmet/dist/extension
[2019-12-04 14:20:17.127] [exthost] [info] ExtensionService#_doActivateExtension vscode.git {"startup":true,"extensionId":{"value":"vscode.git","_lower":"vscode.git"},"activationEvent":"*"}
[2019-12-04 14:20:17.127] [exthost] [info] ExtensionService#loadCommonJSModule file:///usr/share/code/resources/app/extensions/git/dist/main
[2019-12-04 14:20:17.157] [exthost] [info] ExtensionService#_doActivateExtension vscode.merge-conflict {"startup":true,"extensionId":{"value":"vscode.merge-conflict","_lower":"vscode.merge-conflict"},"activationEvent":"*"}
[2019-12-04 14:20:17.158] [exthost] [info] ExtensionService#loadCommonJSModule file:///usr/share/code/resources/app/extensions/merge-conflict/dist/extension
[2019-12-04 14:20:17.161] [exthost] [info] ExtensionService#_doActivateExtension animus-coop.vscode-phpstorm-formatter {"startup":true,"extensionId":{"value":"animus-coop.vscode-phpstorm-formatter","_lower":"animus-coop.vscode-phpstorm-formatter"},"activationEvent":"*"}
[2019-12-04 14:20:17.161] [exthost] [info] ExtensionService#loadCommonJSModule file:///root/.vscode/extensions/animus-coop.vscode-phpstorm-formatter-0.0.3/built/extension.js
[2019-12-04 14:20:17.228] [exthost] [info] ExtensionService#_doActivateExtension vscode.npm {"startup":true,"extensionId":{"value":"vscode.npm","_lower":"vscode.npm"},"activationEvent":"workspaceContains:package.json"}
[2019-12-04 14:20:17.229] [exthost] [info] ExtensionService#loadCommonJSModule file:///usr/share/code/resources/app/extensions/npm/dist/main
[2019-12-04 14:20:17.294] [exthost] [info] eager extensions activated
[2019-12-04 14:21:40.687] [exthost] [info] ExtensionService#_doActivateExtension vscode.php-language-features {"startup":false,"extensionId":{"value":"vscode.php-language-features","_lower":"vscode.php-language-features"},"activationEvent":"onLanguage:php"}
[2019-12-04 14:21:40.689] [exthost] [info] ExtensionService#loadCommonJSModule file:///usr/share/code/resources/app/extensions/php-language-features/dist/phpMain
[2019-12-04 14:21:40.700] [exthost] [info] ExtensionService#_doActivateExtension bmewburn.vscode-intelephense-client {"startup":false,"extensionId":{"value":"bmewburn.vscode-intelephense-client","_lower":"bmewburn.vscode-intelephense-client"},"activationEvent":"onLanguage:php"}
[2019-12-04 14:21:40.700] [exthost] [info] ExtensionService#loadCommonJSModule file:///root/.vscode/extensions/bmewburn.vscode-intelephense-client-1.3.1/lib/extension
[2019-12-04 14:25:47.030] [exthost] [info] ExtensionService#_doActivateExtension onecentlin.laravel-blade {"startup":false,"extensionId":{"value":"onecentlin.laravel-blade","_lower":"onecentlin.laravel-blade"},"activationEvent":"onLanguage:blade"}
[2019-12-04 14:25:47.031] [exthost] [info] ExtensionService#loadCommonJSModule file:///root/.vscode/extensions/onecentlin.laravel-blade-1.20.0/out/src/extension
[2019-12-04 14:26:28.717] [exthost] [info] ExtensionService#_doActivateExtension vscode.html-language-features {"startup":false,"extensionId":{"value":"vscode.html-language-features","_lower":"vscode.html-language-features"},"activationEvent":"onLanguage:html"}
[2019-12-04 14:26:28.717] [exthost] [info] ExtensionService#loadCommonJSModule file:///usr/share/code/resources/app/extensions/html-language-features/client/dist/htmlMain
[2019-12-04 14:51:16.304] [exthost] [error] [bmewburn.vscode-intelephense-client] provider FAILED
[2019-12-04 14:51:16.305] [exthost] [error] TypeError: Cannot read property 'name' of null
	at N (/root/.vscode/extensions/bmewburn.vscode-intelephense-client-1.3.1/lib/extension.js:1:179082)
	at N (/root/.vscode/extensions/bmewburn.vscode-intelephense-client-1.3.1/lib/extension.js:1:179227)
	at Array.map (<anonymous>)
	at Object.asDocumentSymbols (/root/.vscode/extensions/bmewburn.vscode-intelephense-client-1.3.1/lib/extension.js:1:183227)
	at /root/.vscode/extensions/bmewburn.vscode-intelephense-client-1.3.1/lib/extension.js:1:39572
[2019-12-04 14:52:36.313] [exthost] [error] [bmewburn.vscode-intelephense-client] provider FAILED
[2019-12-04 14:52:36.313] [exthost] [error] TypeError: Cannot read property 'name' of null
	at N (/root/.vscode/extensions/bmewburn.vscode-intelephense-client-1.3.1/lib/extension.js:1:179082)
	at N (/root/.vscode/extensions/bmewburn.vscode-intelephense-client-1.3.1/lib/extension.js:1:179227)
	at Array.map (<anonymous>)
	at Object.asDocumentSymbols (/root/.vscode/extensions/bmewburn.vscode-intelephense-client-1.3.1/lib/extension.js:1:183227)
	at /root/.vscode/extensions/bmewburn.vscode-intelephense-client-1.3.1/lib/extension.js:1:39572
[2019-12-04 14:52:37.594] [exthost] [error] [bmewburn.vscode-intelephense-client] provider FAILED
[2019-12-04 14:52:37.595] [exthost] [error] TypeError: Cannot read property 'name' of null
	at N (/root/.vscode/extensions/bmewburn.vscode-intelephense-client-1.3.1/lib/extension.js:1:179082)
	at N (/root/.vscode/extensions/bmewburn.vscode-intelephense-client-1.3.1/lib/extension.js:1:179227)
	at Array.map (<anonymous>)
	at Object.asDocumentSymbols (/root/.vscode/extensions/bmewburn.vscode-intelephense-client-1.3.1/lib/extension.js:1:183227)
	at /root/.vscode/extensions/bmewburn.vscode-intelephense-client-1.3.1/lib/extension.js:1:39572
[2019-12-04 16:57:42.122] [exthost] [error] [animus-coop.vscode-phpstorm-formatter] provider FAILED
[2019-12-04 16:57:42.122] [exthost] [error] undefined
[2019-12-04 16:58:40.882] [exthost] [error] [animus-coop.vscode-phpstorm-formatter] provider FAILED
[2019-12-04 16:58:40.882] [exthost] [error] undefined
[2019-12-04 16:59:58.623] [exthost] [info] extension host started
[2019-12-04 16:59:58.670] [exthost] [info] ExtensionService#_doActivateExtension vscode.php-language-features {"startup":false,"extensionId":{"value":"vscode.php-language-features","_lower":"vscode.php-language-features"},"activationEvent":"onLanguage:php"}
[2019-12-04 16:59:58.670] [exthost] [info] ExtensionService#loadCommonJSModule file:///usr/share/code/resources/app/extensions/php-language-features/dist/phpMain
[2019-12-04 16:59:58.679] [exthost] [info] ExtensionService#_doActivateExtension bmewburn.vscode-intelephense-client {"startup":false,"extensionId":{"value":"bmewburn.vscode-intelephense-client","_lower":"bmewburn.vscode-intelephense-client"},"activationEvent":"onLanguage:php"}
[2019-12-04 16:59:58.679] [exthost] [info] ExtensionService#loadCommonJSModule file:///root/.vscode/extensions/bmewburn.vscode-intelephense-client-1.3.1/lib/extension
[2019-12-04 16:59:58.698] [exthost] [info] ExtensionService#_doActivateExtension onecentlin.laravel-blade {"startup":false,"extensionId":{"value":"onecentlin.laravel-blade","_lower":"onecentlin.laravel-blade"},"activationEvent":"onLanguage:blade"}
[2019-12-04 16:59:58.698] [exthost] [info] ExtensionService#loadCommonJSModule file:///root/.vscode/extensions/onecentlin.laravel-blade-1.20.0/out/src/extension
[2019-12-04 16:59:58.785] [exthost] [info] ExtensionService#_doActivateExtension vscode.debug-auto-launch {"startup":true,"extensionId":{"value":"vscode.debug-auto-launch","_lower":"vscode.debug-auto-launch"},"activationEvent":"*"}
[2019-12-04 16:59:58.785] [exthost] [info] ExtensionService#loadCommonJSModule file:///usr/share/code/resources/app/extensions/debug-auto-launch/dist/extension
[2019-12-04 16:59:58.788] [exthost] [info] ExtensionService#_doActivateExtension vscode.emmet {"startup":true,"extensionId":{"value":"vscode.emmet","_lower":"vscode.emmet"},"activationEvent":"*"}
[2019-12-04 16:59:58.788] [exthost] [info] ExtensionService#loadCommonJSModule file:///usr/share/code/resources/app/extensions/emmet/dist/extension
[2019-12-04 16:59:58.804] [exthost] [info] ExtensionService#_doActivateExtension vscode.git {"startup":true,"extensionId":{"value":"vscode.git","_lower":"vscode.git"},"activationEvent":"*"}
[2019-12-04 16:59:58.804] [exthost] [info] ExtensionService#loadCommonJSModule file:///usr/share/code/resources/app/extensions/git/dist/main
[2019-12-04 16:59:58.872] [exthost] [info] ExtensionService#_doActivateExtension vscode.merge-conflict {"startup":true,"extensionId":{"value":"vscode.merge-conflict","_lower":"vscode.merge-conflict"},"activationEvent":"*"}
[2019-12-04 16:59:58.874] [exthost] [info] ExtensionService#loadCommonJSModule file:///usr/share/code/resources/app/extensions/merge-conflict/dist/extension
[2019-12-04 16:59:58.882] [exthost] [info] ExtensionService#_doActivateExtension vscode.npm {"startup":true,"extensionId":{"value":"vscode.npm","_lower":"vscode.npm"},"activationEvent":"workspaceContains:package.json"}
[2019-12-04 16:59:58.882] [exthost] [info] ExtensionService#loadCommonJSModule file:///usr/share/code/resources/app/extensions/npm/dist/main
[2019-12-04 16:59:59.043] [exthost] [info] eager extensions activated
[2019-12-04 17:00:48.495] [exthost] [info] ExtensionService#_doActivateExtension vscode.configuration-editing {"startup":false,"extensionId":{"value":"vscode.configuration-editing","_lower":"vscode.configuration-editing"},"activationEvent":"onLanguage:json"}
[2019-12-04 17:00:48.495] [exthost] [info] ExtensionService#loadCommonJSModule file:///usr/share/code/resources/app/extensions/configuration-editing/dist/extension
[2019-12-04 17:00:48.500] [exthost] [info] ExtensionService#_doActivateExtension vscode.extension-editing {"startup":false,"extensionId":{"value":"vscode.extension-editing","_lower":"vscode.extension-editing"},"activationEvent":"onLanguage:json"}
[2019-12-04 17:00:48.501] [exthost] [info] ExtensionService#loadCommonJSModule file:///usr/share/code/resources/app/extensions/extension-editing/dist/extension
[2019-12-04 17:00:48.509] [exthost] [info] ExtensionService#_doActivateExtension vscode.json-language-features {"startup":false,"extensionId":{"value":"vscode.json-language-features","_lower":"vscode.json-language-features"},"activationEvent":"onLanguage:json"}
[2019-12-04 17:00:48.509] [exthost] [info] ExtensionService#loadCommonJSModule file:///usr/share/code/resources/app/extensions/json-language-features/client/dist/jsonMain
[2019-12-04 17:04:24.847] [exthost] [info] ExtensionService#_doActivateExtension vscode.html-language-features {"startup":false,"extensionId":{"value":"vscode.html-language-features","_lower":"vscode.html-language-features"},"activationEvent":"onLanguage:html"}
[2019-12-04 17:04:24.847] [exthost] [info] ExtensionService#loadCommonJSModule file:///usr/share/code/resources/app/extensions/html-language-features/client/dist/htmlMain
[2019-12-04 17:40:58.742] [exthost] [info] ExtensionService#_doActivateExtension animus-coop.vscode-phpstorm-formatter {"startup":false,"extensionId":{"value":"animus-coop.vscode-phpstorm-formatter","_lower":"animus-coop.vscode-phpstorm-formatter"},"activationEvent":"*"}
[2019-12-04 17:40:58.743] [exthost] [info] ExtensionService#loadCommonJSModule file:///root/.vscode/extensions/animus-coop.vscode-phpstorm-formatter-0.0.3/built/extension.js
[2019-12-04 20:02:18.811] [exthost] [error] [bmewburn.vscode-intelephense-client] provider FAILED
[2019-12-04 20:02:18.812] [exthost] [error] TypeError: Cannot read property 'name' of null
	at N (/root/.vscode/extensions/bmewburn.vscode-intelephense-client-1.3.1/lib/extension.js:1:179082)
	at N (/root/.vscode/extensions/bmewburn.vscode-intelephense-client-1.3.1/lib/extension.js:1:179227)
	at Array.map (<anonymous>)
	at Object.asDocumentSymbols (/root/.vscode/extensions/bmewburn.vscode-intelephense-client-1.3.1/lib/extension.js:1:183227)
	at /root/.vscode/extensions/bmewburn.vscode-intelephense-client-1.3.1/lib/extension.js:1:39572
[2019-12-04 20:02:34.219] [exthost] [error] [bmewburn.vscode-intelephense-client] provider FAILED
[2019-12-04 20:02:34.220] [exthost] [error] TypeError: Cannot read property 'name' of null
	at N (/root/.vscode/extensions/bmewburn.vscode-intelephense-client-1.3.1/lib/extension.js:1:179082)
	at N (/root/.vscode/extensions/bmewburn.vscode-intelephense-client-1.3.1/lib/extension.js:1:179227)
	at Array.map (<anonymous>)
	at Object.asDocumentSymbols (/root/.vscode/extensions/bmewburn.vscode-intelephense-client-1.3.1/lib/extension.js:1:183227)
	at /root/.vscode/extensions/bmewburn.vscode-intelephense-client-1.3.1/lib/extension.js:1:39572
[2019-12-04 20:04:40.797] [exthost] [error] [bmewburn.vscode-intelephense-client] provider FAILED
[2019-12-04 20:04:40.798] [exthost] [error] TypeError: Cannot read property 'name' of null
	at N (/root/.vscode/extensions/bmewburn.vscode-intelephense-client-1.3.1/lib/extension.js:1:179082)
	at N (/root/.vscode/extensions/bmewburn.vscode-intelephense-client-1.3.1/lib/extension.js:1:179227)
	at Array.map (<anonymous>)
	at Object.asDocumentSymbols (/root/.vscode/extensions/bmewburn.vscode-intelephense-client-1.3.1/lib/extension.js:1:183227)
	at /root/.vscode/extensions/bmewburn.vscode-intelephense-client-1.3.1/lib/extension.js:1:39572
[2019-12-04 20:45:28.329] [exthost] [info] ExtensionService#_doActivateExtension vscode.image-preview {"startup":false,"extensionId":{"value":"vscode.image-preview","_lower":"vscode.image-preview"},"activationEvent":"onWebviewEditor:imagePreview.previewEditor"}
[2019-12-04 20:45:28.330] [exthost] [info] ExtensionService#loadCommonJSModule file:///usr/share/code/resources/app/extensions/image-preview/dist/extension
