[2019-12-05 22:57:37.026] [renderer1] [error] Cannot read property 'name' of null: TypeError: Cannot read property 'name' of null
	at N (/root/.vscode/extensions/bmewburn.vscode-intelephense-client-1.3.1/lib/extension.js:1:179082)
	at N (/root/.vscode/extensions/bmewburn.vscode-intelephense-client-1.3.1/lib/extension.js:1:179227)
	at Array.map (<anonymous>)
	at Object.asDocumentSymbols (/root/.vscode/extensions/bmewburn.vscode-intelephense-client-1.3.1/lib/extension.js:1:183227)
	at /root/.vscode/extensions/bmewburn.vscode-intelephense-client-1.3.1/lib/extension.js:1:39572
[2019-12-05 22:57:38.231] [renderer1] [error] Cannot read property 'name' of null: TypeError: Cannot read property 'name' of null
	at N (/root/.vscode/extensions/bmewburn.vscode-intelephense-client-1.3.1/lib/extension.js:1:179082)
	at N (/root/.vscode/extensions/bmewburn.vscode-intelephense-client-1.3.1/lib/extension.js:1:179227)
	at Array.map (<anonymous>)
	at Object.asDocumentSymbols (/root/.vscode/extensions/bmewburn.vscode-intelephense-client-1.3.1/lib/extension.js:1:183227)
	at /root/.vscode/extensions/bmewburn.vscode-intelephense-client-1.3.1/lib/extension.js:1:39572
[2019-12-05 22:57:39.885] [renderer1] [error] Cannot read property 'name' of null: TypeError: Cannot read property 'name' of null
	at N (/root/.vscode/extensions/bmewburn.vscode-intelephense-client-1.3.1/lib/extension.js:1:179082)
	at N (/root/.vscode/extensions/bmewburn.vscode-intelephense-client-1.3.1/lib/extension.js:1:179227)
	at Array.map (<anonymous>)
	at Object.asDocumentSymbols (/root/.vscode/extensions/bmewburn.vscode-intelephense-client-1.3.1/lib/extension.js:1:183227)
	at /root/.vscode/extensions/bmewburn.vscode-intelephense-client-1.3.1/lib/extension.js:1:39572
[2019-12-05 22:57:40.948] [renderer1] [error] Cannot read property 'name' of null: TypeError: Cannot read property 'name' of null
	at N (/root/.vscode/extensions/bmewburn.vscode-intelephense-client-1.3.1/lib/extension.js:1:179082)
	at N (/root/.vscode/extensions/bmewburn.vscode-intelephense-client-1.3.1/lib/extension.js:1:179227)
	at Array.map (<anonymous>)
	at Object.asDocumentSymbols (/root/.vscode/extensions/bmewburn.vscode-intelephense-client-1.3.1/lib/extension.js:1:183227)
	at /root/.vscode/extensions/bmewburn.vscode-intelephense-client-1.3.1/lib/extension.js:1:39572
