[Info  - 16:59:59] Initialising intelephense 1.3.1
[Info  - 16:59:59] Reading state from /home/pawel/dev/PHP/Laravel/Modules/arguments/User/workspaceStorage/fabdf0a8acce1d8ff1c01394af79439d/bmewburn.vscode-intelephense-client/4712246b.
[Info  - 17:00:01] Initialised in 1546 ms
[Info  - 17:00:02] Indexing started.
[Warn  - 17:00:02] file:///home/pawel/dev/PHP/Laravel/Modules/vendor/fzaninotto/faker/src/Faker/Provider/nl_BE/Text.php is over the maximum file size of 1000000 bytes.
[Info  - 17:00:03] Indexing ended. 38 files indexed in 0s.
[Info  - 17:00:03] Writing state to /home/pawel/dev/PHP/Laravel/Modules/arguments/User/workspaceStorage/fabdf0a8acce1d8ff1c01394af79439d/bmewburn.vscode-intelephense-client/4712246b.
[Info  - 17:00:04] Wrote state in 0.9s.
[Info  - 17:05:38] Indexing started.
[Info  - 17:05:38] Indexing ended. 1 files indexed in 0s.
[Info  - 17:05:43] Indexing started.
[Info  - 17:05:43] Indexing ended. 1 files indexed in 0s.
[Info  - 17:07:55] Indexing started.
[Info  - 17:07:56] Indexing ended. 1 files indexed in 0s.
[Info  - 17:07:59] Indexing started.
[Info  - 17:07:59] Indexing ended. 1 files indexed in 0s.
[Info  - 17:08:26] Indexing started.
[Info  - 17:08:27] Indexing ended. 1 files indexed in 0s.
[Info  - 17:08:28] Indexing started.
[Info  - 17:08:28] Indexing ended. 1 files indexed in 0s.
[Info  - 17:09:35] Indexing started.
[Info  - 17:09:36] Indexing ended. 1 files indexed in 0s.
[Info  - 17:09:39] Indexing started.
[Info  - 17:09:39] Indexing ended. 1 files indexed in 0s.
[Info  - 17:10:26] Indexing started.
[Info  - 17:10:26] Indexing ended. 1 files indexed in 0s.
[Info  - 17:10:31] Indexing started.
[Info  - 17:10:31] Indexing ended. 1 files indexed in 0s.
[Info  - 17:11:13] Indexing started.
[Info  - 17:11:13] Indexing ended. 1 files indexed in 0s.
[Info  - 17:26:28] Indexing started.
[Info  - 17:26:28] Indexing ended. 1 files indexed in 0s.
[Info  - 19:42:55] Indexing started.
[Info  - 19:42:55] Indexing ended. 1 files indexed in 0s.
[Info  - 19:43:42] Indexing started.
[Info  - 19:43:43] Indexing ended. 2 files indexed in 0s.
[Info  - 19:49:12] Indexing started.
[Info  - 19:49:12] Indexing ended. 1 files indexed in 0s.
[Info  - 19:50:13] Indexing started.
[Info  - 19:50:13] Indexing ended. 1 files indexed in 0s.
[Info  - 19:50:17] Indexing started.
[Info  - 19:50:17] Indexing ended. 1 files indexed in 0s.
[Info  - 19:51:22] Indexing started.
[Info  - 19:51:23] Indexing ended. 1 files indexed in 0s.
[Info  - 19:52:06] Indexing started.
[Info  - 19:52:06] Indexing ended. 1 files indexed in 0s.
[Info  - 19:53:08] Indexing started.
[Info  - 19:53:09] Indexing ended. 1 files indexed in 0s.
[Info  - 19:53:17] Indexing started.
[Info  - 19:53:17] Indexing ended. 1 files indexed in 0s.
[Info  - 19:54:16] Indexing started.
[Info  - 19:54:16] Indexing ended. 1 files indexed in 0s.
[Info  - 19:57:43] Indexing started.
[Info  - 19:57:43] Indexing ended. 1 files indexed in 0s.
[Info  - 19:58:43] Indexing started.
[Info  - 19:58:43] Indexing ended. 1 files indexed in 0s.
[Info  - 19:58:49] Indexing started.
[Info  - 19:58:49] Indexing ended. 1 files indexed in 0s.
[Info  - 20:08:40] Indexing started.
[Info  - 20:08:40] Indexing ended. 1 files indexed in 0s.
[Info  - 20:12:41] Indexing started.
[Info  - 20:12:41] Indexing ended. 1 files indexed in 0s.
[Info  - 20:18:21] Indexing started.
[Info  - 20:18:21] Indexing ended. 1 files indexed in 0s.
[Info  - 20:40:26] Indexing started.
[Info  - 20:40:26] Indexing ended. 1 files indexed in 0s.
[Info  - 20:58:33] Indexing started.
[Info  - 20:58:33] Indexing ended. 1 files indexed in 0s.
[Info  - 20:58:37] Indexing started.
[Info  - 20:58:37] Indexing ended. 1 files indexed in 0s.
[Info  - 21:01:21] Indexing started.
[Info  - 21:01:21] Indexing ended. 1 files indexed in 0s.
[Info  - 21:01:22] Indexing started.
[Info  - 21:01:23] Indexing ended. 1 files indexed in 0s.
[Info  - 21:02:01] Indexing started.
[Info  - 21:02:01] Indexing ended. 1 files indexed in 0s.
[Info  - 21:02:09] Indexing started.
[Info  - 21:02:09] Indexing ended. 1 files indexed in 0s.
[Info  - 21:02:11] Indexing started.
[Info  - 21:02:11] Indexing ended. 1 files indexed in 0s.
[Info  - 21:02:16] Indexing started.
[Info  - 21:02:16] Indexing ended. 1 files indexed in 0s.
[Info  - 21:04:14] Indexing started.
[Info  - 21:04:14] Indexing ended. 1 files indexed in 0s.
[Info  - 21:04:17] Indexing started.
[Info  - 21:04:17] Indexing ended. 1 files indexed in 0s.
[Info  - 21:04:48] Indexing started.
[Info  - 21:04:48] Indexing ended. 1 files indexed in 0s.
[Info  - 21:06:09] Indexing started.
[Info  - 21:06:09] Indexing ended. 1 files indexed in 0s.
[Info  - 21:06:16] Indexing started.
[Info  - 21:06:16] Indexing ended. 1 files indexed in 0s.
[Info  - 21:08:03] Indexing started.
[Info  - 21:08:04] Indexing ended. 1 files indexed in 0s.
[Info  - 21:08:36] Indexing started.
[Info  - 21:08:36] Indexing ended. 1 files indexed in 0s.
[Info  - 21:08:40] Indexing started.
[Info  - 21:08:40] Indexing ended. 1 files indexed in 0s.
[Info  - 21:09:21] Indexing started.
[Info  - 21:09:21] Indexing ended. 1 files indexed in 0s.
[Info  - 21:10:17] Indexing started.
[Info  - 21:10:17] Indexing ended. 1 files indexed in 0s.
[Info  - 21:11:22] Indexing started.
[Info  - 21:11:22] Indexing ended. 1 files indexed in 0s.
[Info  - 21:11:45] Indexing started.
[Info  - 21:11:45] Indexing ended. 1 files indexed in 0s.
[Info  - 21:11:47] Indexing started.
[Info  - 21:11:47] Indexing ended. 1 files indexed in 0s.
[Info  - 21:11:52] Indexing started.
[Info  - 21:11:52] Indexing ended. 2 files indexed in 0s.
[Info  - 21:13:14] Indexing started.
[Info  - 21:13:14] Indexing ended. 1 files indexed in 0s.
[Info  - 21:15:25] Indexing started.
[Info  - 21:15:25] Indexing ended. 1 files indexed in 0s.
[Info  - 21:15:33] Indexing started.
[Info  - 21:15:33] Indexing ended. 1 files indexed in 0s.
[Info  - 21:16:21] Indexing started.
[Info  - 21:16:21] Indexing ended. 1 files indexed in 0s.
[Info  - 21:17:59] Indexing started.
[Info  - 21:17:59] Indexing ended. 1 files indexed in 0s.
[Info  - 21:18:50] Indexing started.
[Info  - 21:18:50] Indexing ended. 1 files indexed in 0s.
[Info  - 21:19:39] Indexing started.
[Info  - 21:19:39] Indexing ended. 1 files indexed in 0s.
[Info  - 21:19:42] Indexing started.
[Info  - 21:19:42] Indexing ended. 1 files indexed in 0s.
[Info  - 21:19:57] Indexing started.
[Info  - 21:19:57] Indexing ended. 1 files indexed in 0s.
[Info  - 21:19:59] Indexing started.
[Info  - 21:19:59] Indexing ended. 1 files indexed in 0s.
[Info  - 21:20:48] Indexing started.
[Info  - 21:20:48] Indexing ended. 1 files indexed in 0s.
[Info  - 21:20:50] Indexing started.
[Info  - 21:20:51] Indexing ended. 1 files indexed in 0s.
[Info  - 21:21:08] Indexing started.
[Info  - 21:21:08] Indexing ended. 1 files indexed in 0s.
[Info  - 21:21:11] Indexing started.
[Info  - 21:21:11] Indexing ended. 1 files indexed in 0s.
[Info  - 21:22:28] Indexing started.
[Info  - 21:22:29] Indexing ended. 1 files indexed in 0s.
[Info  - 21:22:31] Indexing started.
[Info  - 21:22:31] Indexing ended. 1 files indexed in 0s.
[Info  - 21:24:17] Indexing started.
[Info  - 21:24:17] Indexing ended. 1 files indexed in 0s.
[Info  - 21:24:20] Indexing started.
[Info  - 21:24:20] Indexing ended. 1 files indexed in 0s.
[Info  - 21:24:55] Indexing started.
[Info  - 21:24:55] Indexing ended. 1 files indexed in 0s.
[Info  - 21:24:57] Indexing started.
[Info  - 21:24:57] Indexing ended. 1 files indexed in 0s.
[Info  - 21:25:05] Indexing started.
[Info  - 21:25:05] Indexing ended. 1 files indexed in 0s.
[Info  - 21:25:07] Indexing started.
[Info  - 21:25:08] Indexing ended. 1 files indexed in 0s.
[Info  - 21:26:05] Indexing started.
[Info  - 21:26:05] Indexing ended. 1 files indexed in 0s.
[Info  - 21:26:07] Indexing started.
[Info  - 21:26:07] Indexing ended. 1 files indexed in 0s.
[Info  - 21:29:58] Indexing started.
[Info  - 21:29:58] Indexing ended. 1 files indexed in 0s.
[Info  - 21:30:00] Indexing started.
[Info  - 21:30:00] Indexing ended. 1 files indexed in 0s.
[Info  - 21:39:04] Indexing started.
[Info  - 21:39:04] Indexing ended. 1 files indexed in 0s.
[Info  - 21:40:39] Indexing started.
[Info  - 21:40:39] Indexing ended. 1 files indexed in 0s.
[Info  - 21:40:51] Indexing started.
[Info  - 21:40:51] Indexing ended. 1 files indexed in 0s.
[Info  - 21:41:47] Indexing started.
[Info  - 21:41:47] Indexing ended. 1 files indexed in 0s.
[Info  - 21:42:05] Indexing started.
[Info  - 21:42:05] Indexing ended. 1 files indexed in 0s.
[Info  - 21:42:12] Indexing started.
[Info  - 21:42:12] Indexing ended. 1 files indexed in 0s.
[Info  - 21:42:39] Indexing started.
[Info  - 21:42:39] Indexing ended. 1 files indexed in 0s.
[Info  - 21:42:43] Indexing started.
[Info  - 21:42:43] Indexing ended. 1 files indexed in 0s.
[Info  - 21:43:50] Indexing started.
[Info  - 21:43:50] Indexing ended. 1 files indexed in 0s.
[Info  - 21:43:54] Indexing started.
[Info  - 21:43:54] Indexing ended. 1 files indexed in 0s.
[Info  - 21:44:18] Indexing started.
[Info  - 21:44:18] Indexing ended. 1 files indexed in 0s.
[Info  - 21:47:08] Indexing started.
[Info  - 21:47:09] Indexing ended. 1 files indexed in 0s.
[Info  - 21:51:10] Indexing started.
[Info  - 21:51:10] Indexing ended. 1 files indexed in 0s.
[Info  - 21:52:23] Indexing started.
[Info  - 21:52:23] Indexing ended. 1 files indexed in 0s.
[Info  - 21:52:26] Indexing started.
[Info  - 21:52:26] Indexing ended. 1 files indexed in 0s.
[Info  - 22:00:17] Indexing started.
[Info  - 22:00:17] Indexing ended. 1 files indexed in 0s.
[Info  - 22:00:35] Indexing started.
[Info  - 22:00:35] Indexing ended. 1 files indexed in 0s.
[Info  - 22:05:05] Indexing started.
[Info  - 22:05:05] Indexing ended. 1 files indexed in 0s.
[Info  - 22:05:39] Indexing started.
[Info  - 22:05:39] Indexing ended. 1 files indexed in 0s.
[Info  - 22:07:41] Indexing started.
[Info  - 22:07:41] Indexing ended. 1 files indexed in 0s.
[Info  - 22:07:47] Indexing started.
[Info  - 22:07:47] Indexing ended. 1 files indexed in 0s.
[Info  - 22:08:13] Indexing started.
[Info  - 22:08:13] Indexing ended. 1 files indexed in 0s.
[Info  - 22:08:21] Indexing started.
[Info  - 22:08:21] Indexing ended. 1 files indexed in 0s.
[Info  - 22:09:28] Indexing started.
[Info  - 22:09:29] Indexing ended. 1 files indexed in 0s.
[Info  - 22:09:31] Indexing started.
[Info  - 22:09:31] Indexing ended. 1 files indexed in 0s.
[Info  - 22:09:57] Indexing started.
[Info  - 22:09:57] Indexing ended. 1 files indexed in 0s.
[Info  - 22:09:59] Indexing started.
[Info  - 22:10:00] Indexing ended. 1 files indexed in 0s.
