[2019-12-05 22:43:29.658] [exthost] [info] extension host started
[2019-12-05 22:43:29.860] [exthost] [info] ExtensionService#_doActivateExtension vscode.php-language-features {"startup":false,"extensionId":{"value":"vscode.php-language-features","_lower":"vscode.php-language-features"},"activationEvent":"onLanguage:php"}
[2019-12-05 22:43:29.860] [exthost] [info] ExtensionService#loadCommonJSModule file:///usr/share/code/resources/app/extensions/php-language-features/dist/phpMain
[2019-12-05 22:43:29.870] [exthost] [info] ExtensionService#_doActivateExtension bmewburn.vscode-intelephense-client {"startup":false,"extensionId":{"value":"bmewburn.vscode-intelephense-client","_lower":"bmewburn.vscode-intelephense-client"},"activationEvent":"onLanguage:php"}
[2019-12-05 22:43:29.870] [exthost] [info] ExtensionService#loadCommonJSModule file:///root/.vscode/extensions/bmewburn.vscode-intelephense-client-1.3.1/lib/extension
[2019-12-05 22:43:29.882] [exthost] [info] ExtensionService#_doActivateExtension vscode.debug-auto-launch {"startup":true,"extensionId":{"value":"vscode.debug-auto-launch","_lower":"vscode.debug-auto-launch"},"activationEvent":"*"}
[2019-12-05 22:43:29.882] [exthost] [info] ExtensionService#loadCommonJSModule file:///usr/share/code/resources/app/extensions/debug-auto-launch/dist/extension
[2019-12-05 22:43:29.884] [exthost] [info] ExtensionService#_doActivateExtension vscode.emmet {"startup":true,"extensionId":{"value":"vscode.emmet","_lower":"vscode.emmet"},"activationEvent":"*"}
[2019-12-05 22:43:29.884] [exthost] [info] ExtensionService#loadCommonJSModule file:///usr/share/code/resources/app/extensions/emmet/dist/extension
[2019-12-05 22:43:29.897] [exthost] [info] ExtensionService#_doActivateExtension vscode.git {"startup":true,"extensionId":{"value":"vscode.git","_lower":"vscode.git"},"activationEvent":"*"}
[2019-12-05 22:43:29.897] [exthost] [info] ExtensionService#loadCommonJSModule file:///usr/share/code/resources/app/extensions/git/dist/main
[2019-12-05 22:43:29.931] [exthost] [info] ExtensionService#_doActivateExtension vscode.merge-conflict {"startup":true,"extensionId":{"value":"vscode.merge-conflict","_lower":"vscode.merge-conflict"},"activationEvent":"*"}
[2019-12-05 22:43:29.931] [exthost] [info] ExtensionService#loadCommonJSModule file:///usr/share/code/resources/app/extensions/merge-conflict/dist/extension
[2019-12-05 22:43:29.955] [exthost] [info] ExtensionService#_doActivateExtension vscode.npm {"startup":true,"extensionId":{"value":"vscode.npm","_lower":"vscode.npm"},"activationEvent":"workspaceContains:package.json"}
[2019-12-05 22:43:29.955] [exthost] [info] ExtensionService#loadCommonJSModule file:///usr/share/code/resources/app/extensions/npm/dist/main
[2019-12-05 22:43:30.122] [exthost] [info] eager extensions activated
[2019-12-05 22:43:33.565] [exthost] [info] ExtensionService#_doActivateExtension vscode.image-preview {"startup":false,"extensionId":{"value":"vscode.image-preview","_lower":"vscode.image-preview"},"activationEvent":"onWebviewEditor:imagePreview.previewEditor"}
[2019-12-05 22:43:33.565] [exthost] [info] ExtensionService#loadCommonJSModule file:///usr/share/code/resources/app/extensions/image-preview/dist/extension
[2019-12-05 22:44:03.912] [exthost] [info] ExtensionService#_doActivateExtension onecentlin.laravel-blade {"startup":false,"extensionId":{"value":"onecentlin.laravel-blade","_lower":"onecentlin.laravel-blade"},"activationEvent":"onLanguage:blade"}
[2019-12-05 22:44:03.912] [exthost] [info] ExtensionService#loadCommonJSModule file:///root/.vscode/extensions/onecentlin.laravel-blade-1.20.0/out/src/extension
[2019-12-05 22:57:37.023] [exthost] [error] [bmewburn.vscode-intelephense-client] provider FAILED
[2019-12-05 22:57:37.024] [exthost] [error] TypeError: Cannot read property 'name' of null
	at N (/root/.vscode/extensions/bmewburn.vscode-intelephense-client-1.3.1/lib/extension.js:1:179082)
	at N (/root/.vscode/extensions/bmewburn.vscode-intelephense-client-1.3.1/lib/extension.js:1:179227)
	at Array.map (<anonymous>)
	at Object.asDocumentSymbols (/root/.vscode/extensions/bmewburn.vscode-intelephense-client-1.3.1/lib/extension.js:1:183227)
	at /root/.vscode/extensions/bmewburn.vscode-intelephense-client-1.3.1/lib/extension.js:1:39572
[2019-12-05 22:57:38.230] [exthost] [error] [bmewburn.vscode-intelephense-client] provider FAILED
[2019-12-05 22:57:38.231] [exthost] [error] TypeError: Cannot read property 'name' of null
	at N (/root/.vscode/extensions/bmewburn.vscode-intelephense-client-1.3.1/lib/extension.js:1:179082)
	at N (/root/.vscode/extensions/bmewburn.vscode-intelephense-client-1.3.1/lib/extension.js:1:179227)
	at Array.map (<anonymous>)
	at Object.asDocumentSymbols (/root/.vscode/extensions/bmewburn.vscode-intelephense-client-1.3.1/lib/extension.js:1:183227)
	at /root/.vscode/extensions/bmewburn.vscode-intelephense-client-1.3.1/lib/extension.js:1:39572
[2019-12-05 22:57:39.872] [exthost] [error] [bmewburn.vscode-intelephense-client] provider FAILED
[2019-12-05 22:57:39.872] [exthost] [error] TypeError: Cannot read property 'name' of null
	at N (/root/.vscode/extensions/bmewburn.vscode-intelephense-client-1.3.1/lib/extension.js:1:179082)
	at N (/root/.vscode/extensions/bmewburn.vscode-intelephense-client-1.3.1/lib/extension.js:1:179227)
	at Array.map (<anonymous>)
	at Object.asDocumentSymbols (/root/.vscode/extensions/bmewburn.vscode-intelephense-client-1.3.1/lib/extension.js:1:183227)
	at /root/.vscode/extensions/bmewburn.vscode-intelephense-client-1.3.1/lib/extension.js:1:39572
[2019-12-05 22:57:40.947] [exthost] [error] [bmewburn.vscode-intelephense-client] provider FAILED
[2019-12-05 22:57:40.947] [exthost] [error] TypeError: Cannot read property 'name' of null
	at N (/root/.vscode/extensions/bmewburn.vscode-intelephense-client-1.3.1/lib/extension.js:1:179082)
	at N (/root/.vscode/extensions/bmewburn.vscode-intelephense-client-1.3.1/lib/extension.js:1:179227)
	at Array.map (<anonymous>)
	at Object.asDocumentSymbols (/root/.vscode/extensions/bmewburn.vscode-intelephense-client-1.3.1/lib/extension.js:1:183227)
	at /root/.vscode/extensions/bmewburn.vscode-intelephense-client-1.3.1/lib/extension.js:1:39572
[2019-12-05 23:26:53.554] [exthost] [info] ExtensionService#_doActivateExtension vscode.html-language-features {"startup":false,"extensionId":{"value":"vscode.html-language-features","_lower":"vscode.html-language-features"},"activationEvent":"onLanguage:html"}
[2019-12-05 23:26:53.555] [exthost] [info] ExtensionService#loadCommonJSModule file:///usr/share/code/resources/app/extensions/html-language-features/client/dist/htmlMain
[2019-12-06 09:01:34.572] [exthost] [info] ExtensionService#_doActivateExtension vscode.css-language-features {"startup":false,"extensionId":{"value":"vscode.css-language-features","_lower":"vscode.css-language-features"},"activationEvent":"onLanguage:css"}
[2019-12-06 09:01:34.573] [exthost] [info] ExtensionService#loadCommonJSModule file:///usr/share/code/resources/app/extensions/css-language-features/client/dist/cssMain
