[Info  - 14:21:41] Initialising intelephense 1.3.1
[Info  - 14:21:41] Reading state from /home/pawel/dev/PHP/Laravel/Modules/arguments/User/workspaceStorage/fabdf0a8acce1d8ff1c01394af79439d/bmewburn.vscode-intelephense-client/4712246b.
[Info  - 14:21:42] Initialised in 1012 ms
[Warn  - 14:21:43] file:///home/pawel/dev/PHP/Laravel/Modules/vendor/fzaninotto/faker/src/Faker/Provider/nl_BE/Text.php is over the maximum file size of 1000000 bytes.
[Info  - 14:22:25] Indexing started.
[Info  - 14:22:26] Indexing ended. 1 files indexed in 0s.
[Info  - 14:26:29] Indexing started.
[Info  - 14:26:29] Indexing ended. 1 files indexed in 0s.
[Info  - 14:42:09] Indexing started.
[Info  - 14:42:09] Indexing ended. 2 files indexed in 0s.
[Info  - 14:42:10] Indexing started.
[Info  - 14:42:11] Indexing ended. 11 files indexed in 0s.
[Info  - 14:42:50] Indexing started.
[Info  - 14:42:50] Indexing ended. 2 files indexed in 0s.
[Info  - 14:42:51] Indexing started.
[Info  - 14:42:52] Indexing ended. 11 files indexed in 0s.
[Info  - 15:18:24] Indexing started.
[Info  - 15:18:24] Indexing ended. 1 files indexed in 0s.
[Info  - 15:30:38] Indexing started.
[Info  - 15:30:39] Indexing ended. 1 files indexed in 0s.
[Info  - 15:36:47] Indexing started.
[Info  - 15:36:47] Indexing ended. 2 files indexed in 0s.
[Info  - 15:44:25] Indexing started.
[Info  - 15:44:25] Indexing ended. 1 files indexed in 0s.
[Info  - 15:44:31] Indexing started.
[Info  - 15:44:31] Indexing ended. 1 files indexed in 0s.
[Info  - 15:51:45] Indexing started.
[Info  - 15:51:45] Indexing ended. 1 files indexed in 0s.
[Info  - 15:52:13] Indexing started.
[Info  - 15:52:13] Indexing ended. 1 files indexed in 0s.
[Info  - 15:55:24] Indexing started.
[Info  - 15:55:25] Indexing ended. 1 files indexed in 0s.
[Info  - 15:55:29] Indexing started.
[Info  - 15:55:29] Indexing ended. 13 files indexed in 0s.
[Info  - 16:40:53] Indexing started.
[Info  - 16:40:53] Indexing ended. 1 files indexed in 0s.
[Info  - 16:43:53] Indexing started.
[Info  - 16:43:53] Indexing ended. 1 files indexed in 0s.
[Info  - 16:46:25] Indexing started.
[Info  - 16:46:25] Indexing ended. 1 files indexed in 0s.
[Info  - 16:46:28] Indexing started.
[Info  - 16:46:28] Indexing ended. 1 files indexed in 0s.
[Info  - 16:47:46] Indexing started.
[Info  - 16:47:46] Indexing ended. 1 files indexed in 0s.
[Info  - 16:47:49] Indexing started.
[Info  - 16:47:49] Indexing ended. 1 files indexed in 0s.
[Info  - 16:50:18] Indexing started.
[Info  - 16:50:18] Indexing ended. 1 files indexed in 0s.
[Info  - 16:50:24] Indexing started.
[Info  - 16:50:24] Indexing ended. 1 files indexed in 0s.
[Info  - 16:55:28] Indexing started.
[Info  - 16:55:28] Indexing ended. 1 files indexed in 0s.
